<?xml version="1.0" encoding="UTF-8"?>
<!-- Generated by org.testng.reporters.JUnitReportReporter -->
<testsuite skipped="0" hostname="DESKTOP-29OPJE1" name="demo.TestNGPriorityDemo" tests="3" failures="0" timestamp="2020-12-09T16:18:03 IST" time="0.013" errors="0">
  <testcase name="one" time="0.009" classname="demo.TestNGPriorityDemo"/>
  <system-out/>
  <testcase name="three" time="0.002" classname="demo.TestNGPriorityDemo"/>
  <system-out/>
  <testcase name="two" time="0.002" classname="demo.TestNGPriorityDemo"/>
  <system-out/>
</testsuite> <!-- demo.TestNGPriorityDemo -->
