<?xml version="1.0" encoding="UTF-8"?>
<!-- Generated by org.testng.reporters.JUnitReportReporter -->
<testsuite skipped="0" hostname="DESKTOP-29OPJE1" name="demo.TestNGParametersDemo" tests="4" failures="0" timestamp="2020-12-09T17:34:31 IST" time="0.018" errors="0">
  <testcase name="test4" time="0.009" classname="demo.TestNGParametersDemo"/>
  <system-out/>
  <testcase name="test3" time="0.009" classname="demo.TestNGParametersDemo"/>
  <system-out/>
  <testcase name="test1" time="0.000" classname="demo.TestNGParametersDemo"/>
  <system-out/>
  <testcase name="test2" time="0.000" classname="demo.TestNGParametersDemo"/>
  <system-out/>
</testsuite> <!-- demo.TestNGParametersDemo -->
