<?xml version="1.0" encoding="UTF-8"?>
<!-- Generated by org.testng.reporters.JUnitReportReporter -->
<testsuite skipped="0" hostname="DESKTOP-29OPJE1" name="utils.ExcelDataProvider" tests="3" failures="0" timestamp="2020-12-09T15:16:50 IST" time="54.438" errors="0">
  <testcase name="test1" time="5.008" classname="utils.ExcelDataProvider"/>
  <system-out/>
  <testcase name="test1" time="43.846" classname="utils.ExcelDataProvider"/>
  <system-out/>
  <testcase name="test1" time="5.584" classname="utils.ExcelDataProvider"/>
  <system-out/>
</testsuite> <!-- utils.ExcelDataProvider -->
