<?xml version="1.0" encoding="UTF-8"?>
<!-- Generated by org.testng.reporters.JUnitReportReporter -->
<testsuite skipped="1" hostname="DESKTOP-29OPJE1" name="demo.TestNGDependencyDemo" tests="3" failures="0" timestamp="2020-12-09T17:47:01 IST" time="0.000" errors="0">
  <testcase name="test3" time="0.000" classname="demo.TestNGDependencyDemo"/>
  <system-out/>
  <testcase name="test1" time="0.000" classname="demo.TestNGDependencyDemo"/>
  <system-out/>
  <testcase name="test2" classname="demo.TestNGDependencyDemo">
    <skipped/>
  </testcase> <!-- test2 -->
  <system-out/>
</testsuite> <!-- demo.TestNGDependencyDemo -->
