<?xml version="1.0" encoding="UTF-8"?>
<!-- Generated by org.testng.reporters.JUnitReportReporter -->
<testsuite skipped="0" hostname="DESKTOP-29OPJE1" name="test.TestNgDemo2" tests="1" failures="0" timestamp="2020-12-08T18:28:15 IST" time="29.488" errors="0">
  <testcase name="googleSearch3" time="29.488" classname="test.TestNgDemo2"/>
  <system-out/>
</testsuite> <!-- test.TestNgDemo2 -->
