<?xml version="1.0" encoding="UTF-8"?>
<!-- Generated by org.testng.reporters.JUnitReportReporter -->
<testsuite skipped="0" hostname="DESKTOP-29OPJE1" name="demo.TestNGIgnoreDemo" tests="2" failures="0" timestamp="2020-12-09T17:50:56 IST" time="0.020" errors="0">
  <testcase name="test1" time="0.020" classname="demo.TestNGIgnoreDemo"/>
  <system-out/>
  <testcase name="test2" time="0.000" classname="demo.TestNGIgnoreDemo"/>
  <system-out/>
</testsuite> <!-- demo.TestNGIgnoreDemo -->
