<?xml version="1.0" encoding="UTF-8"?>
<!-- Generated by org.testng.reporters.JUnitReportReporter -->
<testsuite skipped="0" hostname="DESKTOP-29OPJE1" name="test.ExtentReportDemoWithTestNG" tests="2" failures="0" timestamp="2020-12-08T17:19:56 IST" time="11.830" errors="0">
  <testcase name="text2" time="0.005" classname="test.ExtentReportDemoWithTestNG"/>
  <system-out/>
  <testcase name="text1" time="11.825" classname="test.ExtentReportDemoWithTestNG"/>
  <system-out/>
</testsuite> <!-- test.ExtentReportDemoWithTestNG -->
